{"level": "error", "message": "Cannot find module 'axios'
Require stack:
- C:\laragon\www\tawallam\tawallam-ocr-backend\server\controllers\InvoicesController.js
- C:\laragon\www\tawallam\tawallam-ocr-backend\server\routes\invoicesRoutes.js
- C:\laragon\www\tawallam\tawallam-ocr-backend\server\routes\index.js
- C:\laragon\www\tawallam\tawallam-ocr-backend\server.js Cannot find module 'axios'
Require stack:
- C:\laragon\www\tawallam\tawallam-ocr-backend\server\controllers\InvoicesController.js
- C:\laragon\www\tawallam\tawallam-ocr-backend\server\routes\invoicesRoutes.js
- C:\laragon\www\tawallam\tawallam-ocr-backend\server\routes\index.js
- C:\laragon\www\tawallam\tawallam-ocr-backend\server.js", 
 "stack": "Error: Cannot find module 'axios'
Require stack:
- C:\laragon\www\tawallam\tawallam-ocr-backend\server\controllers\InvoicesController.js
- C:\laragon\www\tawallam\tawallam-ocr-backend\server\routes\invoicesRoutes.js
- C:\laragon\www\tawallam\tawallam-ocr-backend\server\routes\index.js
- C:\laragon\www\tawallam\tawallam-ocr-backend\server.js
    at Module._resolveFilename (node:internal/modules/cjs/loader:1144:15)
    at Module._resolveFilename (C:\laragon\www\tawallam\tawallam-ocr-backend\node_modules\module-alias\index.js:49:29)
    at Module._load (node:internal/modules/cjs/loader:985:27)
    at Module.require (node:internal/modules/cjs/loader:1235:19)
    at require (node:internal/modules/helpers:176:18)
    at Object.<anonymous> (C:\laragon\www\tawallam\tawallam-ocr-backend\server\controllers\InvoicesController.js:2:15)
    at Module._compile (node:internal/modules/cjs/loader:1376:14)
    at Module._extensions..js (node:internal/modules/cjs/loader:1435:10)
    at Module.load (node:internal/modules/cjs/loader:1207:32)
    at Module._load (node:internal/modules/cjs/loader:1023:12)", 
 "timestamp":  "2024-07-15 16:24:33" 
}
{"level": "error", "message": "Cannot find module 'axios'
Require stack:
- C:\laragon\www\tawallam\tawallam-ocr-backend\server\controllers\InvoicesController.js
- C:\laragon\www\tawallam\tawallam-ocr-backend\server\routes\invoicesRoutes.js
- C:\laragon\www\tawallam\tawallam-ocr-backend\server\routes\index.js
- C:\laragon\www\tawallam\tawallam-ocr-backend\server.js Cannot find module 'axios'
Require stack:
- C:\laragon\www\tawallam\tawallam-ocr-backend\server\controllers\InvoicesController.js
- C:\laragon\www\tawallam\tawallam-ocr-backend\server\routes\invoicesRoutes.js
- C:\laragon\www\tawallam\tawallam-ocr-backend\server\routes\index.js
- C:\laragon\www\tawallam\tawallam-ocr-backend\server.js", 
 "stack": "Error: Cannot find module 'axios'
Require stack:
- C:\laragon\www\tawallam\tawallam-ocr-backend\server\controllers\InvoicesController.js
- C:\laragon\www\tawallam\tawallam-ocr-backend\server\routes\invoicesRoutes.js
- C:\laragon\www\tawallam\tawallam-ocr-backend\server\routes\index.js
- C:\laragon\www\tawallam\tawallam-ocr-backend\server.js
    at Module._resolveFilename (node:internal/modules/cjs/loader:1144:15)
    at Module._resolveFilename (C:\laragon\www\tawallam\tawallam-ocr-backend\node_modules\module-alias\index.js:49:29)
    at Module._load (node:internal/modules/cjs/loader:985:27)
    at Module.require (node:internal/modules/cjs/loader:1235:19)
    at require (node:internal/modules/helpers:176:18)
    at Object.<anonymous> (C:\laragon\www\tawallam\tawallam-ocr-backend\server\controllers\InvoicesController.js:2:15)
    at Module._compile (node:internal/modules/cjs/loader:1376:14)
    at Module._extensions..js (node:internal/modules/cjs/loader:1435:10)
    at Module.load (node:internal/modules/cjs/loader:1207:32)
    at Module._load (node:internal/modules/cjs/loader:1023:12)", 
 "timestamp":  "2024-07-15 16:24:33" 
}
{"level": "error", "message": "listen EADDRINUSE: address already in use :::9000 listen EADDRINUSE: address already in use :::9000", 
 "stack": "Error: listen EADDRINUSE: address already in use :::9000
    at Server.setupListenHandle [as _listen2] (node:net:1872:16)
    at listenInCluster (node:net:1920:12)
    at Server.listen (node:net:2008:7)
    at C:\laragon\www\tawallam\tawallam-ocr-backend\server.js:76:12
    at new Promise (<anonymous>)
    at promiseRun (C:\laragon\www\tawallam\tawallam-ocr-backend\server.js:75:10)
    at initialize (C:\laragon\www\tawallam\tawallam-ocr-backend\server.js:94:9)
    at process.processTicksAndRejections (node:internal/process/task_queues:95:5)", 
 "timestamp":  "2024-07-15 16:25:34" 
}
{"level": "error", "message": "listen EADDRINUSE: address already in use :::9000 listen EADDRINUSE: address already in use :::9000", 
 "stack": "Error: listen EADDRINUSE: address already in use :::9000
    at Server.setupListenHandle [as _listen2] (node:net:1872:16)
    at listenInCluster (node:net:1920:12)
    at Server.listen (node:net:2008:7)
    at C:\laragon\www\tawallam\tawallam-ocr-backend\server.js:76:12
    at new Promise (<anonymous>)
    at promiseRun (C:\laragon\www\tawallam\tawallam-ocr-backend\server.js:75:10)
    at initialize (C:\laragon\www\tawallam\tawallam-ocr-backend\server.js:94:9)
    at process.processTicksAndRejections (node:internal/process/task_queues:95:5)", 
 "timestamp":  "2024-07-15 16:25:34" 
}
{"level": "error", "message": "connect ETIMEDOUT connect ETIMEDOUT", 
 "stack": "Error: connect ETIMEDOUT
    at PromisePool.query (C:\laragon\www\tawallam\tawallam-ocr-backend\node_modules\mysql2\promise.js:356:22)
    at C:\laragon\www\tawallam\tawallam-ocr-backend\server\repositories\authRepository.js:49:48
    at new Promise (<anonymous>)
    at loginModel (C:\laragon\www\tawallam\tawallam-ocr-backend\server\repositories\authRepository.js:42:16)
    at exports.login (C:\laragon\www\tawallam\tawallam-ocr-backend\server\controllers\AuthController.js:35:20)
    at newFn (C:\laragon\www\tawallam\tawallam-ocr-backend\node_modules\express-async-errors\index.js:16:20)
    at Layer.handle [as handle_request] (C:\laragon\www\tawallam\tawallam-ocr-backend\node_modules\express\lib\router\layer.js:95:5)
    at next (C:\laragon\www\tawallam\tawallam-ocr-backend\node_modules\express\lib\router\route.js:144:13)
    at C:\laragon\www\tawallam\tawallam-ocr-backend\server\middleware.js:95:10
    at newFn (C:\laragon\www\tawallam\tawallam-ocr-backend\node_modules\express-async-errors\index.js:16:20)", 
 "timestamp":  "2024-07-15 16:29:05" 
}
{"level": "error", "message": "connect ETIMEDOUT connect ETIMEDOUT", 
 "stack": "Error: connect ETIMEDOUT
    at PromisePool.query (C:\laragon\www\tawallam\tawallam-ocr-backend\node_modules\mysql2\promise.js:356:22)
    at C:\laragon\www\tawallam\tawallam-ocr-backend\server\repositories\authRepository.js:49:48
    at new Promise (<anonymous>)
    at loginModel (C:\laragon\www\tawallam\tawallam-ocr-backend\server\repositories\authRepository.js:42:16)
    at exports.login (C:\laragon\www\tawallam\tawallam-ocr-backend\server\controllers\AuthController.js:35:20)
    at newFn (C:\laragon\www\tawallam\tawallam-ocr-backend\node_modules\express-async-errors\index.js:16:20)
    at Layer.handle [as handle_request] (C:\laragon\www\tawallam\tawallam-ocr-backend\node_modules\express\lib\router\layer.js:95:5)
    at next (C:\laragon\www\tawallam\tawallam-ocr-backend\node_modules\express\lib\router\route.js:144:13)
    at C:\laragon\www\tawallam\tawallam-ocr-backend\server\middleware.js:95:10
    at newFn (C:\laragon\www\tawallam\tawallam-ocr-backend\node_modules\express-async-errors\index.js:16:20)", 
 "timestamp":  "2024-07-15 16:30:10" 
}
{"level": "error", "message": "connect ETIMEDOUT connect ETIMEDOUT", 
 "stack": "Error: connect ETIMEDOUT
    at PromisePool.query (C:\laragon\www\tawallam\tawallam-ocr-backend\node_modules\mysql2\promise.js:356:22)
    at C:\laragon\www\tawallam\tawallam-ocr-backend\server\repositories\authRepository.js:49:48
    at new Promise (<anonymous>)
    at loginModel (C:\laragon\www\tawallam\tawallam-ocr-backend\server\repositories\authRepository.js:42:16)
    at exports.login (C:\laragon\www\tawallam\tawallam-ocr-backend\server\controllers\AuthController.js:35:20)
    at newFn (C:\laragon\www\tawallam\tawallam-ocr-backend\node_modules\express-async-errors\index.js:16:20)
    at Layer.handle [as handle_request] (C:\laragon\www\tawallam\tawallam-ocr-backend\node_modules\express\lib\router\layer.js:95:5)
    at next (C:\laragon\www\tawallam\tawallam-ocr-backend\node_modules\express\lib\router\route.js:144:13)
    at C:\laragon\www\tawallam\tawallam-ocr-backend\server\middleware.js:95:10
    at newFn (C:\laragon\www\tawallam\tawallam-ocr-backend\node_modules\express-async-errors\index.js:16:20)", 
 "timestamp":  "2024-07-15 16:30:32" 
}
{"level": "error", "message": "response is not defined response is not defined", 
 "stack": "ReferenceError: response is not defined
    at addOrUpdateInvoice (C:\laragon\www\tawallam\tawallam-ocr-backend\server\controllers\InvoicesController.js:209:34)
    at process.processTicksAndRejections (node:internal/process/task_queues:95:5)
    at async exports.addInvoice (C:\laragon\www\tawallam\tawallam-ocr-backend\server\controllers\InvoicesController.js:421:25)", 
 "timestamp":  "2024-07-15 17:17:23" 
}
{"level": "error", "message": "response is not defined response is not defined", 
 "stack": "ReferenceError: response is not defined
    at addOrUpdateInvoice (C:\laragon\www\tawallam\tawallam-ocr-backend\server\controllers\InvoicesController.js:209:34)
    at process.processTicksAndRejections (node:internal/process/task_queues:95:5)
    at async exports.addInvoice (C:\laragon\www\tawallam\tawallam-ocr-backend\server\controllers\InvoicesController.js:421:25)", 
 "timestamp":  "2024-07-15 17:17:59" 
}
{"level": "error", "message": "response is not defined response is not defined", 
 "stack": "ReferenceError: response is not defined
    at addOrUpdateInvoice (C:\laragon\www\tawallam\tawallam-ocr-backend\server\controllers\InvoicesController.js:209:34)
    at process.processTicksAndRejections (node:internal/process/task_queues:95:5)
    at async exports.addInvoice (C:\laragon\www\tawallam\tawallam-ocr-backend\server\controllers\InvoicesController.js:421:25)", 
 "timestamp":  "2024-07-15 17:18:26" 
}
